This is pdfTeX, Version 3.1415926-2.3-1.40.12 (MiKTeX 2.9) (preloaded format=pdflatex 2012.10.22)  6 DEC 2012 20:12
entering extended mode
**C:/Documents*and*Settings/amcelhinney/My*Documents/GitHub/MCS507_Final_Projec
t/tex/main.tex

("C:/Documents and Settings/amcelhinney/My Documents/GitHub/MCS507_Final_Projec
t/tex/main.tex"
LaTeX2e <2009/09/24>
Babel <v3.8l> and hyphenation patterns for english, afrikaans, ancientgreek, ar
abic, armenian, assamese, basque, bengali, bokmal, bulgarian, catalan, coptic, 
croatian, czech, danish, dutch, esperanto, estonian, farsi, finnish, french, ga
lician, german, german-x-2009-06-19, greek, gujarati, hindi, hungarian, iceland
ic, indonesian, interlingua, irish, italian, kannada, kurmanji, lao, latin, lat
vian, lithuanian, malayalam, marathi, mongolian, mongolianlmc, monogreek, ngerm
an, ngerman-x-2009-06-19, nynorsk, oriya, panjabi, pinyin, polish, portuguese, 
romanian, russian, sanskrit, serbian, slovak, slovenian, spanish, swedish, swis
sgerman, tamil, telugu, turkish, turkmen, ukenglish, ukrainian, uppersorbian, u
senglishmax, welsh, loaded.
("C:\Program Files\MiKTeX\tex\latex\paper\journal.cls"
Document Class: journal 2008/05/30 1.0l LaTeX document class (wm).
("C:\Program Files\MiKTeX\tex\latex\paper\paper.cls"
Document Class: paper 2008/05/30 1.0l LaTeX document class (wm).
\hours=\count79
\minutes=\count80
("C:\Program Files\MiKTeX\tex\latex\base\size10.clo"
File: size10.clo 2007/10/19 v1.4h Standard LaTeX file (size option)
)
\beforetitlespace=\skip41
\c@part=\count81
\c@section=\count82
\c@subsection=\count83
\c@subsubsection=\count84
\c@paragraph=\count85
\c@subparagraph=\count86
\exampleindent=\skip42
\c@figure=\count87
\c@table=\count88
\abovecaptionskip=\skip43
\belowcaptionskip=\skip44
\bibindent=\dimen102
))
("C:\Program Files\MiKTeX\tex\latex\mh\mathtools.sty"
Package: mathtools 2012/04/24 v1.12 mathematical typesetting tools

("C:\Program Files\MiKTeX\tex\latex\graphics\keyval.sty"
Package: keyval 1999/03/16 v1.13 key=value parser (DPC)
\KV@toks@=\toks14
)
("C:\Program Files\MiKTeX\tex\latex\tools\calc.sty"
Package: calc 2007/08/22 v4.3 Infix arithmetic (KKT,FJ)
\calc@Acount=\count89
\calc@Bcount=\count90
\calc@Adimen=\dimen103
\calc@Bdimen=\dimen104
\calc@Askip=\skip45
\calc@Bskip=\skip46
LaTeX Info: Redefining \setlength on input line 76.
LaTeX Info: Redefining \addtolength on input line 77.
\calc@Ccount=\count91
\calc@Cskip=\skip47
)
("C:\Program Files\MiKTeX\tex\latex\mh\mhsetup.sty"
Package: mhsetup 2010/01/21 v1.2a programming setup (MH)
)
("C:\Program Files\MiKTeX\tex\latex\ams\math\amsmath.sty"
Package: amsmath 2000/07/18 v2.13 AMS math features
\@mathmargin=\skip48

For additional information on amsmath, use the `?' option.
("C:\Program Files\MiKTeX\tex\latex\ams\math\amstext.sty"
Package: amstext 2000/06/29 v2.01

("C:\Program Files\MiKTeX\tex\latex\ams\math\amsgen.sty"
File: amsgen.sty 1999/11/30 v2.0
\@emptytoks=\toks15
\ex@=\dimen105
))
("C:\Program Files\MiKTeX\tex\latex\ams\math\amsbsy.sty"
Package: amsbsy 1999/11/29 v1.2d
\pmbraise@=\dimen106
)
("C:\Program Files\MiKTeX\tex\latex\ams\math\amsopn.sty"
Package: amsopn 1999/12/14 v2.01 operator names
)
\inf@bad=\count92
LaTeX Info: Redefining \frac on input line 211.
\uproot@=\count93
\leftroot@=\count94
LaTeX Info: Redefining \overline on input line 307.
\classnum@=\count95
\DOTSCASE@=\count96
LaTeX Info: Redefining \ldots on input line 379.
LaTeX Info: Redefining \dots on input line 382.
LaTeX Info: Redefining \cdots on input line 467.
\Mathstrutbox@=\box26
\strutbox@=\box27
\big@size=\dimen107
LaTeX Font Info:    Redeclaring font encoding OML on input line 567.
LaTeX Font Info:    Redeclaring font encoding OMS on input line 568.
\macc@depth=\count97
\c@MaxMatrixCols=\count98
\dotsspace@=\muskip10
\c@parentequation=\count99
\dspbrk@lvl=\count100
\tag@help=\toks16
\row@=\count101
\column@=\count102
\maxfields@=\count103
\andhelp@=\toks17
\eqnshift@=\dimen108
\alignsep@=\dimen109
\tagshift@=\dimen110
\tagwidth@=\dimen111
\totwidth@=\dimen112
\lineht@=\dimen113
\@envbody=\toks18
\multlinegap=\skip49
\multlinetaggap=\skip50
\mathdisplay@stack=\toks19
LaTeX Info: Redefining \[ on input line 2666.
LaTeX Info: Redefining \] on input line 2667.
)
\g_MT_multlinerow_int=\count104
\l_MT_multwidth_dim=\dimen114
\origjot=\skip51
\l_MT_shortvdotswithinadjustabove_dim=\dimen115
\l_MT_shortvdotswithinadjustbelow_dim=\dimen116
\l_MT_above_intertext_dim=\dimen117
\l_MT_below_intertext_dim=\dimen118
\l_MT_above_shortintertext_dim=\dimen119
\l_MT_below_shortintertext_dim=\dimen120
)
("C:\Program Files\MiKTeX\tex\latex\preprint\fullpage.sty"
Package: fullpage 1999/02/23 1.1 (PWD)
\FP@margin=\skip52
)
("C:\Program Files\MiKTeX\tex\latex\listings\listings.sty"
\lst@mode=\count105
\lst@gtempboxa=\box28
\lst@token=\toks20
\lst@length=\count106
\lst@currlwidth=\dimen121
\lst@column=\count107
\lst@pos=\count108
\lst@lostspace=\dimen122
\lst@width=\dimen123
\lst@newlines=\count109
\lst@lineno=\count110
\lst@maxwidth=\dimen124

("C:\Program Files\MiKTeX\tex\latex\listings\lstmisc.sty"
File: lstmisc.sty 2007/02/22 1.4 (Carsten Heinz)
\c@lstnumber=\count111
\lst@skipnumbers=\count112
\lst@framebox=\box29
)
("C:\Program Files\MiKTeX\tex\latex\listings\listings.cfg"
File: listings.cfg 2007/02/22 1.4 listings configuration
))
Package: listings 2007/02/22 1.4 (Carsten Heinz)

("C:\Program Files\MiKTeX\tex\latex\graphics\color.sty"
Package: color 2005/11/14 v1.0j Standard LaTeX Color (DPC)

("C:\Program Files\MiKTeX\tex\latex\00miktex\color.cfg"
File: color.cfg 2007/01/18 v1.5 color configuration of teTeX/TeXLive
)
Package color Info: Driver file: pdftex.def on input line 130.

("C:\Program Files\MiKTeX\tex\latex\pdftex-def\pdftex.def"
File: pdftex.def 2011/05/27 v0.06d Graphics/color for pdfTeX

("C:\Program Files\MiKTeX\tex\generic\oberdiek\infwarerr.sty"
Package: infwarerr 2010/04/08 v1.3 Providing info/warning/message (HO)
)
("C:\Program Files\MiKTeX\tex\generic\oberdiek\ltxcmds.sty"
Package: ltxcmds 2011/04/18 v1.20 LaTeX kernel commands for general use (HO)
)
\Gread@gobject=\count113
))
("C:\Program Files\MiKTeX\tex\latex\float\float.sty"
Package: float 2001/11/08 v1.3d Float enhancements (AL)
\c@float@type=\count114
\float@exts=\toks21
\float@box=\box30
\@float@everytoks=\toks22
\@floatcapt=\box31
)
("C:\Program Files\MiKTeX\tex\latex\graphics\graphicx.sty"
Package: graphicx 1999/02/16 v1.0f Enhanced LaTeX Graphics (DPC,SPQR)

("C:\Program Files\MiKTeX\tex\latex\graphics\graphics.sty"
Package: graphics 2009/02/05 v1.0o Standard LaTeX Graphics (DPC,SPQR)

("C:\Program Files\MiKTeX\tex\latex\graphics\trig.sty"
Package: trig 1999/03/16 v1.09 sin cos tan (DPC)
)
("C:\Program Files\MiKTeX\tex\latex\00miktex\graphics.cfg"
File: graphics.cfg 2007/01/18 v1.5 graphics configuration of teTeX/TeXLive
)
Package graphics Info: Driver file: pdftex.def on input line 91.
)
\Gin@req@height=\dimen125
\Gin@req@width=\dimen126
)
("C:\Program Files\MiKTeX\tex\latex\oberdiek\grffile.sty"
Package: grffile 2010/12/09 v1.13 Extended file name support for graphics (HO)

("C:\Program Files\MiKTeX\tex\generic\oberdiek\ifpdf.sty"
Package: ifpdf 2011/01/30 v2.3 Provides the ifpdf switch (HO)
Package ifpdf Info: pdfTeX in PDF mode is detected.
)
("C:\Program Files\MiKTeX\tex\generic\ifxetex\ifxetex.sty"
Package: ifxetex 2010/09/12 v0.6 Provides ifxetex conditional
)
("C:\Program Files\MiKTeX\tex\latex\oberdiek\kvoptions.sty"
Package: kvoptions 2010/12/23 v3.10 Keyval support for LaTeX options (HO)

("C:\Program Files\MiKTeX\tex\generic\oberdiek\kvsetkeys.sty"
Package: kvsetkeys 2011/04/07 v1.13 Key value parser (HO)

("C:\Program Files\MiKTeX\tex\generic\oberdiek\etexcmds.sty"
Package: etexcmds 2011/02/16 v1.5 Prefix for e-TeX command names (HO)

("C:\Program Files\MiKTeX\tex\generic\oberdiek\ifluatex.sty"
Package: ifluatex 2010/03/01 v1.3 Provides the ifluatex switch (HO)
Package ifluatex Info: LuaTeX not detected.
)
Package etexcmds Info: Could not find \expanded.
(etexcmds)             That can mean that you are not using pdfTeX 1.50 or
(etexcmds)             that some package has redefined \expanded.
(etexcmds)             In the latter case, load this package earlier.
)))
("C:\Program Files\MiKTeX\tex\generic\oberdiek\pdftexcmds.sty"
Package: pdftexcmds 2011/04/22 v0.16 Utilities of pdfTeX for LuaTeX (HO)
Package pdftexcmds Info: LuaTeX not detected.
Package pdftexcmds Info: \pdf@primitive is available.
Package pdftexcmds Info: \pdf@ifprimitive is available.
Package pdftexcmds Info: \pdfdraftmode found.
)
Package grffile Info: Option `multidot' is set to `true'.
Package grffile Info: Option `extendedchars' is set to `false'.
Package grffile Info: Option `space' is set to `true'.
Package grffile Info: \Gin@ii of package `graphicx' fixed on input line 453.
)
("C:\Program Files\MiKTeX\tex\latex\endnotes\endnotes.sty"
\c@endnote=\count115
\endnotesep=\dimen127
\@enotes=\write3
)
("C:\Program Files\MiKTeX\tex\latex\listings\lstlang1.sty"
File: lstlang1.sty 2004/09/05 1.3 listings language file
)
("C:\Documents and Settings\amcelhinney\My Documents\GitHub\MCS507_Final_Projec
t\tex\main.aux"

LaTeX Warning: Label `2nd' multiply defined.


LaTeX Warning: Label `2nd' multiply defined.


LaTeX Warning: Label `Example Data' multiply defined.


LaTeX Warning: Label `2nd' multiply defined.


LaTeX Warning: Label `2nd' multiply defined.


LaTeX Warning: Label `2nd' multiply defined.


LaTeX Warning: Label `Example Data' multiply defined.


LaTeX Warning: Label `2nd' multiply defined.


LaTeX Warning: Label `table:nonlin' multiply defined.

)
LaTeX Font Info:    Checking defaults for OML/cmm/m/it on input line 50.
LaTeX Font Info:    ... okay on input line 50.
LaTeX Font Info:    Checking defaults for T1/cmr/m/n on input line 50.
LaTeX Font Info:    ... okay on input line 50.
LaTeX Font Info:    Checking defaults for OT1/cmr/m/n on input line 50.
LaTeX Font Info:    ... okay on input line 50.
LaTeX Font Info:    Checking defaults for OMS/cmsy/m/n on input line 50.
LaTeX Font Info:    ... okay on input line 50.
LaTeX Font Info:    Checking defaults for OMX/cmex/m/n on input line 50.
LaTeX Font Info:    ... okay on input line 50.
LaTeX Font Info:    Checking defaults for U/cmr/m/n on input line 50.
LaTeX Font Info:    ... okay on input line 50.
\c@lstlisting=\count116
 ("C:\Program Files\MiKTeX\tex\context\base\supp-pdf.mkii"
[Loading MPS to PDF converter (version 2006.09.02).]
\scratchcounter=\count117
\scratchdimen=\dimen128
\scratchbox=\box32
\nofMPsegments=\count118
\nofMParguments=\count119
\everyMPshowfont=\toks23
\MPscratchCnt=\count120
\MPscratchDim=\dimen129
\MPnumerator=\count121
\makeMPintoPDFobject=\count122
\everyMPtoPDFconversion=\toks24
)
("C:\Documents and Settings\amcelhinney\My Documents\GitHub\MCS507_Final_Projec
t\tex\include/title.tex"
Underfull \hbox (badness 10000) in paragraph at lines 7--17

 []

)
("C:\Documents and Settings\amcelhinney\My Documents\GitHub\MCS507_Final_Projec
t\tex\include/assignment1.tex" [1

{C:/Documents and Settings/All Users/Application Data/MiKTeX/2.9/pdftex/config/
pdftex.map}]
<C:/Documents and Settings/amcelhinney/My Documents/GitHub/MCS507--Project-3/te
x/include/k-fold_cv.PNG, id=13, 607.26875pt x 173.64874pt>
File: C:/Documents and Settings/amcelhinney/My Documents/GitHub/MCS507--Project
-3/tex/include/k-fold_cv.PNG Graphic file (type png)

<use C:/Documents and Settings/amcelhinney/My Documents/GitHub/MCS507--Project-
3/tex/include/k-fold_cv.PNG>
Package pdftex.def Info: C:/Documents and Settings/amcelhinney/My Documents/Git
Hub/MCS507--Project-3/tex/include/k-fold_cv.PNG used on input line 77.
(pdftex.def)             Requested size: 325.215pt x 92.99786pt.
)
("C:\Documents and Settings\amcelhinney\My Documents\GitHub\MCS507_Final_Projec
t\tex\include/assignment2.tex" [2 <C:/Documents and Settings/amcelhinney/My Doc
uments/GitHub/MCS507--Project-3/tex/include/k-fold_cv.PNG>]
<C:/Documents and Settings/amcelhinney/My Documents/GitHub/MCS507--Project-3/te
x/include/orange_canvas.PNG, id=19, 1199.48125pt x 328.22626pt>
File: C:/Documents and Settings/amcelhinney/My Documents/GitHub/MCS507--Project
-3/tex/include/orange_canvas.PNG Graphic file (type png)

<use C:/Documents and Settings/amcelhinney/My Documents/GitHub/MCS507--Project-
3/tex/include/orange_canvas.PNG>
Package pdftex.def Info: C:/Documents and Settings/amcelhinney/My Documents/Git
Hub/MCS507--Project-3/tex/include/orange_canvas.PNG used on input line 54.
(pdftex.def)             Requested size: 469.75499pt x 128.54361pt.

<C:/Documents and Settings/amcelhinney/My Documents/GitHub/MCS507--Project-3/te
x/include/orange_widget_features.png, id=20, 1020.81375pt x 579.16376pt>
File: C:/Documents and Settings/amcelhinney/My Documents/GitHub/MCS507--Project
-3/tex/include/orange_widget_features.png Graphic file (type png)

<use C:/Documents and Settings/amcelhinney/My Documents/GitHub/MCS507--Project-
3/tex/include/orange_widget_features.png>
Package pdftex.def Info: C:/Documents and Settings/amcelhinney/My Documents/Git
Hub/MCS507--Project-3/tex/include/orange_widget_features.png used on input line
 61.
(pdftex.def)             Requested size: 469.75499pt x 266.5246pt.
 [3 <C:/Documents and Settings/amcelhinney/My Documents/GitHub/MCS507--Project-
3/tex/include/orange_canvas.PNG>]
<C:/Documents and Settings/amcelhinney/My Documents/GitHub/MCS507--Project-3/te
x/include/orange_connection.PNG, id=24, 403.5075pt x 234.8775pt>
File: C:/Documents and Settings/amcelhinney/My Documents/GitHub/MCS507--Project
-3/tex/include/orange_connection.PNG Graphic file (type png)

<use C:/Documents and Settings/amcelhinney/My Documents/GitHub/MCS507--Project-
3/tex/include/orange_connection.PNG>
Package pdftex.def Info: C:/Documents and Settings/amcelhinney/My Documents/Git
Hub/MCS507--Project-3/tex/include/orange_connection.PNG used on input line 67.
(pdftex.def)             Requested size: 252.94499pt x 147.23889pt.
)
("C:\Documents and Settings\amcelhinney\My Documents\GitHub\MCS507_Final_Projec
t\tex\include/assignment3.tex" [4 <C:/Documents and Settings/amcelhinney/My Doc
uments/GitHub/MCS507--Project-3/tex/include/orange_widget_features.png> <C:/Doc
uments and Settings/amcelhinney/My Documents/GitHub/MCS507--Project-3/tex/inclu
de/orange_connection.PNG>] [5] [6]
<C:/Documents and Settings/amcelhinney/My Documents/GitHub/MCS507--Project-3/te
x/include/3_groups.png, id=35, 1081.8819pt x 876.6351pt>
File: C:/Documents and Settings/amcelhinney/My Documents/GitHub/MCS507--Project
-3/tex/include/3_groups.png Graphic file (type png)

<use C:/Documents and Settings/amcelhinney/My Documents/GitHub/MCS507--Project-
3/tex/include/3_groups.png>
Package pdftex.def Info: C:/Documents and Settings/amcelhinney/My Documents/Git
Hub/MCS507--Project-3/tex/include/3_groups.png used on input line 133.
(pdftex.def)             Requested size: 469.75499pt x 380.63762pt.
 [7 <C:/Documents and Settings/amcelhinney/My Documents/GitHub/MCS507--Project-
3/tex/include/3_groups.png>]
<C:/Documents and Settings/amcelhinney/My Documents/GitHub/MCS507--Project-3/te
x/include/3_groups_mis.png, id=42, 1081.8819pt x 876.6351pt>
File: C:/Documents and Settings/amcelhinney/My Documents/GitHub/MCS507--Project
-3/tex/include/3_groups_mis.png Graphic file (type png)

<use C:/Documents and Settings/amcelhinney/My Documents/GitHub/MCS507--Project-
3/tex/include/3_groups_mis.png>
Package pdftex.def Info: C:/Documents and Settings/amcelhinney/My Documents/Git
Hub/MCS507--Project-3/tex/include/3_groups_mis.png used on input line 202.
(pdftex.def)             Requested size: 469.75499pt x 380.63762pt.
 [8]
LaTeX Font Info:    Try loading font information for OMS+cmr on input line 213.


("C:\Program Files\MiKTeX\tex\latex\base\omscmr.fd"
File: omscmr.fd 1999/05/25 v2.5h Standard LaTeX font definitions
)
LaTeX Font Info:    Font shape `OMS/cmr/m/n' in size <9> not available
(Font)              Font shape `OMS/cmsy/m/n' tried instead on input line 213.
 [9 <C:/Documents and Settings/amcelhinney/My Documents/GitHub/MCS507--Project-
3/tex/include/3_groups_mis.png>])
("C:\Documents and Settings\amcelhinney\My Documents\GitHub\MCS507_Final_Projec
t\tex\include/conclusion.tex")
("C:\Documents and Settings\amcelhinney\My Documents\GitHub\MCS507_Final_Projec
t\tex\include/bibliography.tex" [10]
Underfull \hbox (badness 10000) in paragraph at lines 10--11

 []


Underfull \hbox (badness 10000) in paragraph at lines 12--13

 []


Overfull \hbox (21.11646pt too wide) in paragraph at lines 17--18
[]\OT1/cmr/m/n/10 Data Min-ing Fruit-ful and Fun (2004). Or-ange. Re-trieved 12
/01/2012 from http://orange.biolab.si/wp/orange-
 []


Underfull \hbox (badness 10000) in paragraph at lines 17--18

 []


Overfull \hbox (85.76878pt too wide) in paragraph at lines 19--20
[]  \OT1/cmr/m/n/10 Hastie & Tibshirani."Cross-validation and boot-strap". Re-t
rieved from www-stat.stanford.edu/[]tibs/sta306b/cvwrong.pdf,
 []


Underfull \hbox (badness 10000) in paragraph at lines 19--20

 []


Underfull \hbox (badness 10000) in paragraph at lines 21--22

 []


Underfull \hbox (badness 10000) in paragraph at lines 23--25

 []


Overfull \hbox (40.73174pt too wide) in paragraph at lines 26--27
[] \OT1/cmr/m/n/10 Or-ange and Vi-sual Pro-gram-ming.(2004). Or-ange. Re-tried 
12/02/2012 from http://orange.biolab.si/wp/orange-
 []


Underfull \hbox (badness 10000) in paragraph at lines 26--27

 []


Underfull \hbox (badness 10000) in paragraph at lines 28--30

 []

) [11]
("C:\Documents and Settings\amcelhinney\My Documents\GitHub\MCS507_Final_Projec
t\tex\main.aux")

LaTeX Warning: There were multiply-defined labels.

 ) 
Here is how much of TeX's memory you used:
 4376 strings out of 494049
 64771 string characters out of 3150022
 298226 words of memory out of 3000000
 7590 multiletter control sequences out of 15000+200000
 10495 words of font info for 38 fonts, out of 3000000 for 9000
 715 hyphenation exceptions out of 8191
 36i,8n,40p,1003b,1520s stack positions out of 5000i,500n,10000p,200000b,50000s
<C:/Program Files/MiKTeX/fonts/type1/public/amsfonts/cm/cmcsc10.pfb><C:/Progr
am Files/MiKTeX/fonts/type1/public/amsfonts/cm/cmex10.pfb><C:/Program Files/MiK
TeX/fonts/type1/public/amsfonts/cm/cmmi10.pfb><C:/Program Files/MiKTeX/fonts/ty
pe1/public/amsfonts/cm/cmmi12.pfb><C:/Program Files/MiKTeX/fonts/type1/public/a
msfonts/cm/cmmi7.pfb><C:/Program Files/MiKTeX/fonts/type1/public/amsfonts/cm/cm
r10.pfb><C:/Program Files/MiKTeX/fonts/type1/public/amsfonts/cm/cmr9.pfb><C:/Pr
ogram Files/MiKTeX/fonts/type1/public/amsfonts/cm/cmss10.pfb><C:/Program Files/
MiKTeX/fonts/type1/public/amsfonts/cm/cmssbx10.pfb><C:/Program Files/MiKTeX/fon
ts/type1/public/amsfonts/cm/cmsy10.pfb><C:/Program Files/MiKTeX/fonts/type1/pub
lic/amsfonts/cm/cmsy9.pfb><C:/Program Files/MiKTeX/fonts/type1/public/amsfonts/
cm/cmti10.pfb>
Output written on main.pdf (11 pages, 630738 bytes).
PDF statistics:
 95 PDF objects out of 1000 (max. 8388607)
 0 named destinations out of 1000 (max. 500000)
 31 words of extra memory for PDF output out of 10000 (max. 10000000)

